<?xml version="1.0" encoding="UTF-8"?>
<!-- Generated by org.testng.reporters.JUnitReportReporter -->
<testsuite skipped="0" hostname="LAPTOP-IIRF7F8F" name="com.facebook.testCases.TC_LoginTest_003" tests="1" failures="0" timestamp="2020-11-24T21:42:51 EST" time="12.300" errors="0">
  <testcase name="LoginTest" time="12.300" classname="com.facebook.testCases.TC_LoginTest_003"/>
  <system-out/>
</testsuite> <!-- com.facebook.testCases.TC_LoginTest_003 -->
