<?xml version="1.0" encoding="UTF-8"?>
<!-- Generated by org.testng.reporters.JUnitReportReporter -->
<testsuite skipped="0" hostname="LAPTOP-IIRF7F8F" name="com.facebook.testCases.TC_SignUpDDT_002" tests="4" failures="0" timestamp="2020-11-24T21:42:51 EST" time="50.540" errors="0">
  <testcase name="signUpTest" time="12.169" classname="com.facebook.testCases.TC_SignUpDDT_002"/>
  <system-out/>
  <testcase name="signUpTest" time="13.641" classname="com.facebook.testCases.TC_SignUpDDT_002"/>
  <system-out/>
  <testcase name="signUpTest" time="12.285" classname="com.facebook.testCases.TC_SignUpDDT_002"/>
  <system-out/>
  <testcase name="signUpTest" time="12.445" classname="com.facebook.testCases.TC_SignUpDDT_002"/>
  <system-out/>
</testsuite> <!-- com.facebook.testCases.TC_SignUpDDT_002 -->
