<?xml version="1.0" encoding="UTF-8"?>
<!-- Generated by org.testng.reporters.JUnitReportReporter -->
<testsuite skipped="0" hostname="LAPTOP-IIRF7F8F" name="com.facebook.testCases.TC_HomePage_004" tests="1" failures="0" timestamp="2020-11-24T22:18:49 EST" time="30.173" errors="0">
  <testcase name="HomePage" time="30.173" classname="com.facebook.testCases.TC_HomePage_004"/>
  <system-out/>
</testsuite> <!-- com.facebook.testCases.TC_HomePage_004 -->
