<?xml version="1.0" encoding="UTF-8"?>
<!-- Generated by org.testng.reporters.JUnitReportReporter -->
<testsuite skipped="0" hostname="LAPTOP-IIRF7F8F" name="com.facebook.testCases.TC_SignUPTest_001" tests="1" failures="0" timestamp="2020-11-24T21:42:51 EST" time="13.437" errors="0">
  <testcase name="SignUPTest" time="13.437" classname="com.facebook.testCases.TC_SignUPTest_001"/>
  <system-out/>
</testsuite> <!-- com.facebook.testCases.TC_SignUPTest_001 -->
