<?xml version="1.0" encoding="UTF-8"?>
<!-- Generated by org.testng.reporters.JUnitReportReporter -->
<testsuite skipped="0" hostname="LAPTOP-IIRF7F8F" name="com.facebook.testCases.TC_LoginTest_003" tests="3" failures="0" timestamp="2020-11-26T13:17:47 EST" time="44.576" errors="0">
  <testcase name="LoginTest" time="14.524" classname="com.facebook.testCases.TC_LoginTest_003"/>
  <system-out/>
  <testcase name="LoginTest" time="15.346" classname="com.facebook.testCases.TC_LoginTest_003"/>
  <system-out/>
  <testcase name="LoginTest" time="14.706" classname="com.facebook.testCases.TC_LoginTest_003"/>
  <system-out/>
</testsuite> <!-- com.facebook.testCases.TC_LoginTest_003 -->
