<?xml version="1.0" encoding="UTF-8"?>
<!-- Generated by org.testng.reporters.JUnitReportReporter -->
<testsuite skipped="0" hostname="LAPTOP-IIRF7F8F" name="com.facebook.testCases.TC_SignUpDDT_002" tests="8" failures="0" timestamp="2020-11-25T00:12:55 EST" time="102.679" errors="0">
  <testcase name="signUpTest" time="12.288" classname="com.facebook.testCases.TC_SignUpDDT_002"/>
  <system-out/>
  <testcase name="signUpTest" time="12.323" classname="com.facebook.testCases.TC_SignUpDDT_002"/>
  <system-out/>
  <testcase name="signUpTest" time="12.085" classname="com.facebook.testCases.TC_SignUpDDT_002"/>
  <system-out/>
  <testcase name="signUpTest" time="13.791" classname="com.facebook.testCases.TC_SignUpDDT_002"/>
  <system-out/>
  <testcase name="signUpTest" time="12.473" classname="com.facebook.testCases.TC_SignUpDDT_002"/>
  <system-out/>
  <testcase name="signUpTest" time="12.680" classname="com.facebook.testCases.TC_SignUpDDT_002"/>
  <system-out/>
  <testcase name="signUpTest" time="13.625" classname="com.facebook.testCases.TC_SignUpDDT_002"/>
  <system-out/>
  <testcase name="signUpTest" time="13.414" classname="com.facebook.testCases.TC_SignUpDDT_002"/>
  <system-out/>
</testsuite> <!-- com.facebook.testCases.TC_SignUpDDT_002 -->
