<?xml version="1.0" encoding="UTF-8"?>
<!-- Generated by org.testng.reporters.JUnitReportReporter -->
<testsuite skipped="0" hostname="LAPTOP-IIRF7F8F" name="com.facebook.testCases.TC_SignUpDDT_002" tests="8" failures="0" timestamp="2020-11-26T13:17:47 EST" time="108.685" errors="0">
  <testcase name="signUpTest" time="14.091" classname="com.facebook.testCases.TC_SignUpDDT_002"/>
  <system-out/>
  <testcase name="signUpTest" time="13.115" classname="com.facebook.testCases.TC_SignUpDDT_002"/>
  <system-out/>
  <testcase name="signUpTest" time="13.317" classname="com.facebook.testCases.TC_SignUpDDT_002"/>
  <system-out/>
  <testcase name="signUpTest" time="12.970" classname="com.facebook.testCases.TC_SignUpDDT_002"/>
  <system-out/>
  <testcase name="signUpTest" time="12.985" classname="com.facebook.testCases.TC_SignUpDDT_002"/>
  <system-out/>
  <testcase name="signUpTest" time="14.118" classname="com.facebook.testCases.TC_SignUpDDT_002"/>
  <system-out/>
  <testcase name="signUpTest" time="15.006" classname="com.facebook.testCases.TC_SignUpDDT_002"/>
  <system-out/>
  <testcase name="signUpTest" time="13.083" classname="com.facebook.testCases.TC_SignUpDDT_002"/>
  <system-out/>
</testsuite> <!-- com.facebook.testCases.TC_SignUpDDT_002 -->
