<?xml version="1.0" encoding="UTF-8"?>
<!-- Generated by org.testng.reporters.JUnitReportReporter -->
<testsuite skipped="0" hostname="LAPTOP-IIRF7F8F" name="com.facebook.testCases.TC_SignUPTest_001" tests="3" failures="0" timestamp="2020-11-25T00:12:54 EST" time="43.735" errors="0">
  <testcase name="SignUPTest" time="13.736" classname="com.facebook.testCases.TC_SignUPTest_001"/>
  <system-out/>
  <testcase name="SignUPTest" time="15.236" classname="com.facebook.testCases.TC_SignUPTest_001"/>
  <system-out/>
  <testcase name="SignUPTest" time="14.763" classname="com.facebook.testCases.TC_SignUPTest_001"/>
  <system-out/>
</testsuite> <!-- com.facebook.testCases.TC_SignUPTest_001 -->
